p/1605061004760.jpg 1 0 0 49 110
p/1605061001026.jpg 1 0 0 39 119
p/1605060990040.jpg 1 0 0 125 57
p/1605060957891.jpg 1 0 0 32 87
p/1605060948718.jpg 1 0 0 33 104
p/1605060942689.jpg 1 0 0 86 48
p/1605060938250.jpg 1 0 0 86 59
p/1605060928812.jpg 1 0 0 46 99
p/1605060925418.jpg 1 0 0 67 98
p/1605060922403.jpg 1 0 0 52 122
p/1605060918459.jpg 1 0 0 53 117
p/1605060910487.jpg 1 0 0 42 96
p/1605060886966.jpg 1 0 0 41 123
p/1605060850750.jpg 1 0 0 43 45
p/1605060843997.jpg 1 0 0 48 66
p/1605060839415.jpg 1 0 0 51 56
p/1605060826017.jpg 1 0 0 36 111
p/1605060823115.jpg 1 0 0 48 115
p/1605060800529.jpg 1 0 0 56 66
p/1605060784625.jpg 1 0 0 24 115
p/1605060780339.jpg 1 0 0 43 112
p/1605060764328.jpg 1 0 0 39 119
p/1605060758329.jpg 1 0 0 30 122
p/1605060743215.jpg 1 0 0 24 104
p/1605060733633.jpg 1 0 0 52 96
p/1605060723903.jpg 1 0 0 71 63
p/1605060709904.jpg 1 0 0 25 118
p/1605060704390.jpg 1 0 0 33 116
p/1605060691659.jpg 1 0 0 48 46
p/1605060681576.jpg 1 0 0 46 61
p/1605060656922.jpg 1 0 0 27 100
p/1605060644317.jpg 1 0 0 53 76
p/1605060596129.jpg 1 0 0 60 56
p/1605060586992.jpg 1 0 0 45 99
p/1605060582040.jpg 1 0 0 28 96
p/1605060550376.jpg 1 0 0 29 108
p/1605060545479.jpg 1 0 0 33 110
p/1605060533913.jpg 1 0 0 33 129
p/1605060529848.jpg 1 0 0 44 124
p/1605060515687.jpg 1 0 0 33 89
p/1605060508696.jpg 1 0 0 41 105
p/1605060504521.jpg 1 0 0 44 101
p/1605060489346.jpg 1 0 0 27 99
p/1605060474295.jpg 1 0 0 43 98
p/1605060399263.jpg 1 0 0 32 127
p/1605060389222.jpg 1 0 0 39 111
p/1605060386048.jpg 1 0 0 33 111
p/1605060377919.jpg 1 0 0 32 112
p/1605060353378.jpg 1 0 0 60 61
p/1605060345320.jpg 1 0 0 28 114
p/1605060320665.jpg 1 0 0 69 75
p/1605060294099.jpg 1 0 0 124 58
p/1605060278713.jpg 1 0 0 31 106
p/1605060274644.jpg 1 0 0 33 108
p/1605060242304.jpg 1 0 0 33 113
p/1605060238481.jpg 1 0 0 28 113
p/1605060229543.jpg 1 0 0 31 104
p/1605060226490.jpg 1 0 0 29 104
p/1605060210152.jpg 1 0 0 41 113
p/1605060207167.jpg 1 0 0 30 103
p/1605060202278.jpg 1 0 0 21 103
p/1605060196713.jpg 1 0 0 40 101
p/1605060185455.jpg 1 0 0 29 99
p/1605060154751.jpg 1 0 0 38 101
p/1605060150175.jpg 1 0 0 46 92
p/1605060108305.jpg 1 0 0 32 75
p/1605060104864.jpg 1 0 0 65 69
p/1605060076862.jpg 1 0 0 33 111
p/1605060071142.jpg 1 0 0 48 116
p/1605060058823.jpg 1 0 0 43 82
p/1605060044846.jpg 1 0 0 48 107
p/1605060033853.jpg 1 0 0 36 115
p/1605060030399.jpg 1 0 0 40 112
p/1605060019751.jpg 1 0 0 41 94
p/1605060016465.jpg 1 0 0 51 104
p/1605060011414.jpg 1 0 0 66 79
p/1605060007361.jpg 1 0 0 79 92
p/1605060000910.jpg 1 0 0 30 114
p/1605059996944.jpg 1 0 0 29 107
p/1605059981223.jpg 1 0 0 46 70
p/1605059970440.jpg 1 0 0 38 65
p/1605059960968.jpg 1 0 0 38 119
p/1605059956830.jpg 1 0 0 27 115
p/1605059910337.jpg 1 0 0 43 107
p/1605059907110.jpg 1 0 0 50 107
p/1605059893279.jpg 1 0 0 46 109
p/1605059889216.jpg 1 0 0 40 114
p/1605059879887.jpg 1 0 0 55 93
p/1605059874760.jpg 1 0 0 30 101
p/1605059861841.jpg 1 0 0 28 98
p/1605059855869.jpg 1 0 0 61 121
p/1605059840208.jpg 1 0 0 28 123
p/1605059835810.jpg 1 0 0 49 102
p/1605059821456.jpg 1 0 0 35 117
p/1605059818174.jpg 1 0 0 50 116
p/1605059776370.jpg 1 0 0 22 118
p/1605059770488.jpg 1 0 0 25 122
p/1605059760746.jpg 1 0 0 20 114
p/1605059754358.jpg 1 0 0 25 118
p/1605059739023.jpg 1 0 0 43 114
p/1605059696559.jpg 1 0 0 38 111
p/1605059683470.jpg 1 0 0 31 58
p/1605059671857.jpg 1 0 0 51 59
p/1605059662563.jpg 1 0 0 32 118
p/1605059650765.jpg 1 0 0 28 115
p/1605059644417.jpg 1 0 0 32 103
p/1605059638768.jpg 1 0 0 32 99
p/1605059617088.jpg 1 0 0 38 97
p/1605059606240.jpg 1 0 0 26 85
p/1605059586023.jpg 1 0 0 37 111
p/1605059572624.jpg 1 0 0 61 59
p/1605059555159.jpg 1 0 0 27 102
p/1605059548209.jpg 1 0 0 29 92
p/1605059540074.jpg 1 0 0 42 103
p/1605059526896.jpg 1 0 0 37 104
p/1605059516697.jpg 1 0 0 32 107
p/1605059512888.jpg 1 0 0 40 87
p/1605059503479.jpg 1 0 0 66 111
p/1605059483393.jpg 1 0 0 37 92
p/1605059476792.jpg 1 0 0 35 105
p/1605059472879.jpg 1 0 0 35 98
p/1605059448126.jpg 1 0 0 47 117
p/1605059428654.jpg 1 0 0 26 121
p/1605059414466.jpg 1 0 0 44 116
p/1605059407551.jpg 1 0 0 63 133
p/1605059396017.jpg 1 0 0 103 93
p/1605059357564.jpg 1 0 0 44 102
p/1605059353108.jpg 1 0 0 34 100
p/1605059340593.jpg 1 0 0 33 99
p/1605059304752.jpg 1 0 0 27 97
p/1605059295057.jpg 1 0 0 30 88
p/1605059265568.jpg 1 0 0 27 107
p/1605059248928.jpg 1 0 0 35 120
p/1605059245591.jpg 1 0 0 43 118
p/1605059233688.jpg 1 0 0 30 94
p/1605059223592.jpg 1 0 0 32 102
p/1605059213564.jpg 1 0 0 36 103
p/1605059205833.jpg 1 0 0 31 85
p/1605059200900.jpg 1 0 0 30 93
p/1605059174414.jpg 1 0 0 27 129
p/1605059159075.jpg 1 0 0 33 106
p/1605059150856.jpg 1 0 0 33 91
p/1605059138470.jpg 1 0 0 43 98
p/1605059126032.jpg 1 0 0 29 96
p/1605059113895.jpg 1 0 0 34 110
p/1605059095607.jpg 1 0 0 41 108
p/1605059089271.jpg 1 0 0 46 109
p/1605059081519.jpg 1 0 0 34 119
p/1605059069598.jpg 1 0 0 47 92
p/1605059065303.jpg 1 0 0 42 95
p/1605059047911.jpg 1 0 0 47 122