p/001289.jpg 1 0 0 64 64
p/001288.jpg 1 0 0 64 64
p/001287.jpg 1 0 0 64 64
p/001284.jpg 1 0 0 64 64
p/001283.jpg 1 0 0 64 64
p/001282.jpg 1 0 0 64 64
p/001281.jpg 1 0 0 64 64
p/001280.jpg 1 0 0 64 64
p/001279.jpg 1 0 0 64 64
p/001278.jpg 1 0 0 64 64
p/001277.jpg 1 0 0 64 64
p/001275.jpg 1 0 0 64 64
p/001274.jpg 1 0 0 64 64
p/001272.jpg 1 0 0 64 64
p/001271.jpg 1 0 0 64 64
p/001269.jpg 1 0 0 64 64
p/001267.jpg 1 0 0 64 64
p/001266.jpg 1 0 0 64 64
p/001265.jpg 1 0 0 64 64
p/001264.jpg 1 0 0 64 64
p/001263.jpg 1 0 0 64 64
p/001262.jpg 1 0 0 64 64
p/001261.jpg 1 0 0 64 64
p/001260.jpg 1 0 0 64 64
p/001259.jpg 1 0 0 64 64
p/001258.jpg 1 0 0 64 64
p/001257.jpg 1 0 0 64 64
p/001256.jpg 1 0 0 64 64
p/001254.jpg 1 0 0 64 64
p/001253.jpg 1 0 0 64 64
p/001252.jpg 1 0 0 64 64
p/001251.jpg 1 0 0 64 64
p/001250.jpg 1 0 0 64 64
p/001249.jpg 1 0 0 64 64
p/001247.jpg 1 0 0 64 64
p/001246.jpg 1 0 0 64 64
p/001245.jpg 1 0 0 64 64
p/001244.jpg 1 0 0 64 64
p/001243.jpg 1 0 0 64 64
p/001242.jpg 1 0 0 64 64
p/001240.jpg 1 0 0 64 64
p/001238.jpg 1 0 0 64 64
p/001236.jpg 1 0 0 64 64
p/001235.jpg 1 0 0 64 64
p/001234.jpg 1 0 0 64 64
p/001233.jpg 1 0 0 64 64
p/001232.jpg 1 0 0 64 64
p/001230.jpg 1 0 0 64 64
p/001229.jpg 1 0 0 64 64
p/001228.jpg 1 0 0 64 64
p/001227.jpg 1 0 0 64 64
p/001226.jpg 1 0 0 64 64
p/001224.jpg 1 0 0 64 64
p/001223.jpg 1 0 0 64 64
p/001222.jpg 1 0 0 64 64
p/001221.jpg 1 0 0 64 64
p/001220.jpg 1 0 0 64 64
p/001219.jpg 1 0 0 64 64
p/001218.jpg 1 0 0 64 64
p/001217.jpg 1 0 0 64 64
p/001215.jpg 1 0 0 64 64
p/001214.jpg 1 0 0 64 64
p/001213.jpg 1 0 0 64 64
p/001212.jpg 1 0 0 64 64
p/001211.jpg 1 0 0 64 64
p/001210.jpg 1 0 0 64 64
p/001209.jpg 1 0 0 64 64
p/001207.jpg 1 0 0 64 64
p/001206.jpg 1 0 0 64 64
p/001205.jpg 1 0 0 64 64
p/001204.jpg 1 0 0 64 64
p/001203.jpg 1 0 0 64 64
p/001202.jpg 1 0 0 64 64
p/001201.jpg 1 0 0 64 64
p/001200.jpg 1 0 0 64 64
p/001199.jpg 1 0 0 64 64
p/001198.jpg 1 0 0 64 64
p/001195.jpg 1 0 0 64 64
p/001193.jpg 1 0 0 64 64
p/001192.jpg 1 0 0 64 64
p/001191.jpg 1 0 0 64 64
p/001189.jpg 1 0 0 64 64
p/001188.jpg 1 0 0 64 64
p/001187.jpg 1 0 0 64 64
p/001186.jpg 1 0 0 64 64
p/001183.jpg 1 0 0 64 64
p/001181.jpg 1 0 0 64 64
p/001179.jpg 1 0 0 64 64
p/001178.jpg 1 0 0 64 64
p/001177.jpg 1 0 0 64 64
p/001176.jpg 1 0 0 64 64
p/001175.jpg 1 0 0 64 64
p/001174.jpg 1 0 0 64 64
p/001173.jpg 1 0 0 64 64
p/001172.jpg 1 0 0 64 64
p/001170.jpg 1 0 0 64 64
p/001169.jpg 1 0 0 64 64
p/001168.jpg 1 0 0 64 64
p/001166.jpg 1 0 0 64 64
p/001165.jpg 1 0 0 64 64
p/001164.jpg 1 0 0 64 64
p/001162.jpg 1 0 0 64 64
p/001161.jpg 1 0 0 64 64
p/001160.jpg 1 0 0 64 64
p/001159.jpg 1 0 0 64 64
p/001158.jpg 1 0 0 64 64
p/001157.jpg 1 0 0 64 64
p/001155.jpg 1 0 0 64 64
p/001153.jpg 1 0 0 64 64
p/001152.jpg 1 0 0 64 64
p/001150.jpg 1 0 0 64 64
p/001149.jpg 1 0 0 64 64
p/001148.jpg 1 0 0 64 64
p/001147.jpg 1 0 0 64 64
p/001146.jpg 1 0 0 64 64
p/001145.jpg 1 0 0 64 64
p/001143.jpg 1 0 0 64 64
p/001142.jpg 1 0 0 64 64
p/001138.jpg 1 0 0 64 64
p/001137.jpg 1 0 0 64 64
p/001136.jpg 1 0 0 64 64
p/001135.jpg 1 0 0 64 64
p/001134.jpg 1 0 0 64 64
p/001133.jpg 1 0 0 64 64
p/001132.jpg 1 0 0 64 64
p/001131.jpg 1 0 0 64 64
p/001130.jpg 1 0 0 64 64
p/001129.jpg 1 0 0 64 64
p/001128.jpg 1 0 0 64 64
p/001127.jpg 1 0 0 64 64
p/001125.jpg 1 0 0 64 64
p/001124.jpg 1 0 0 64 64
p/001122.jpg 1 0 0 64 64
p/001119.jpg 1 0 0 64 64
p/001118.jpg 1 0 0 64 64
p/001117.jpg 1 0 0 64 64
p/001116.jpg 1 0 0 64 64
p/001115.jpg 1 0 0 64 64
p/001112.jpg 1 0 0 64 64
p/001108.jpg 1 0 0 64 64
p/001107.jpg 1 0 0 64 64
p/001106.jpg 1 0 0 64 64
p/001104.jpg 1 0 0 64 64
p/001103.jpg 1 0 0 64 64
p/001102.jpg 1 0 0 64 64
p/001101.jpg 1 0 0 64 64
p/001098.jpg 1 0 0 64 64
p/001097.jpg 1 0 0 64 64
p/001096.jpg 1 0 0 64 64
p/001095.jpg 1 0 0 64 64
p/001094.jpg 1 0 0 64 64
p/001088.jpg 1 0 0 64 64
p/001086.jpg 1 0 0 64 64
p/001084.jpg 1 0 0 64 64
p/001083.jpg 1 0 0 64 64
p/001081.jpg 1 0 0 64 64
p/001080.jpg 1 0 0 64 64
p/001079.jpg 1 0 0 64 64
p/001077.jpg 1 0 0 64 64
p/001076.jpg 1 0 0 64 64
p/001075.jpg 1 0 0 64 64
p/001074.jpg 1 0 0 64 64
p/001073.jpg 1 0 0 64 64
p/001072.jpg 1 0 0 64 64
p/001071.jpg 1 0 0 64 64
p/001070.jpg 1 0 0 64 64
p/001069.jpg 1 0 0 64 64
p/001068.jpg 1 0 0 64 64
p/001067.jpg 1 0 0 64 64
p/001065.jpg 1 0 0 64 64
p/001064.jpg 1 0 0 64 64
p/001063.jpg 1 0 0 64 64
p/001062.jpg 1 0 0 64 64
p/001060.jpg 1 0 0 64 64
p/001059.jpg 1 0 0 64 64
p/001058.jpg 1 0 0 64 64
p/001057.jpg 1 0 0 64 64
p/001056.jpg 1 0 0 64 64
p/001055.jpg 1 0 0 64 64
p/001054.jpg 1 0 0 64 64
p/001053.jpg 1 0 0 64 64
p/001052.jpg 1 0 0 64 64
p/001051.jpg 1 0 0 64 64
p/001050.jpg 1 0 0 64 64
p/001049.jpg 1 0 0 64 64
p/001048.jpg 1 0 0 64 64
p/001047.jpg 1 0 0 64 64
p/001045.jpg 1 0 0 64 64
p/001040.jpg 1 0 0 64 64
p/001039.jpg 1 0 0 64 64
p/001037.jpg 1 0 0 64 64
p/001036.jpg 1 0 0 64 64
p/001034.jpg 1 0 0 64 64
p/001033.jpg 1 0 0 64 64
p/001031.jpg 1 0 0 64 64
p/001030.jpg 1 0 0 64 64
p/001029.jpg 1 0 0 64 64
p/001028.jpg 1 0 0 64 64
p/001027.jpg 1 0 0 64 64
p/001026.jpg 1 0 0 64 64
p/001025.jpg 1 0 0 64 64
p/001024.jpg 1 0 0 64 64
p/001023.jpg 1 0 0 64 64
p/001022.jpg 1 0 0 64 64
p/001021.jpg 1 0 0 64 64
p/001020.jpg 1 0 0 64 64
p/001019.jpg 1 0 0 64 64
p/001018.jpg 1 0 0 64 64
p/001016.jpg 1 0 0 64 64
p/001015.jpg 1 0 0 64 64
p/001014.jpg 1 0 0 64 64
p/001013.jpg 1 0 0 64 64
p/001012.jpg 1 0 0 64 64
p/001011.jpg 1 0 0 64 64
p/001010.jpg 1 0 0 64 64
p/001009.jpg 1 0 0 64 64
p/001008.jpg 1 0 0 64 64
p/001007.jpg 1 0 0 64 64
p/001006.jpg 1 0 0 64 64
p/001005.jpg 1 0 0 64 64
p/001004.jpg 1 0 0 64 64
p/001003.jpg 1 0 0 64 64
p/001002.jpg 1 0 0 64 64
p/001001.jpg 1 0 0 64 64
p/001000.jpg 1 0 0 64 64
p/000999.jpg 1 0 0 64 64
p/000998.jpg 1 0 0 64 64
p/000996.jpg 1 0 0 64 64
p/000994.jpg 1 0 0 64 64
p/000992.jpg 1 0 0 64 64
p/000991.jpg 1 0 0 64 64
p/000990.jpg 1 0 0 64 64
p/000989.jpg 1 0 0 64 64
p/000988.jpg 1 0 0 64 64
p/000987.jpg 1 0 0 64 64
p/000986.jpg 1 0 0 64 64
p/000984.jpg 1 0 0 64 64
p/000981.jpg 1 0 0 64 64
p/000978.jpg 1 0 0 64 64
p/000977.jpg 1 0 0 64 64
p/000975.jpg 1 0 0 64 64
p/000974.jpg 1 0 0 64 64
p/000973.jpg 1 0 0 64 64
p/000972.jpg 1 0 0 64 64
p/000971.jpg 1 0 0 64 64
p/000970.jpg 1 0 0 64 64
p/000969.jpg 1 0 0 64 64
p/000968.jpg 1 0 0 64 64
p/000967.jpg 1 0 0 64 64
p/000966.jpg 1 0 0 64 64
p/000965.jpg 1 0 0 64 64
p/000963.jpg 1 0 0 64 64
p/000962.jpg 1 0 0 64 64
p/000961.jpg 1 0 0 64 64
p/000960.jpg 1 0 0 64 64
p/000959.jpg 1 0 0 64 64
p/000958.jpg 1 0 0 64 64
p/000956.jpg 1 0 0 64 64
p/000955.jpg 1 0 0 64 64
p/000954.jpg 1 0 0 64 64
p/000952.jpg 1 0 0 64 64
p/000950.jpg 1 0 0 64 64
p/000948.jpg 1 0 0 64 64
p/000946.jpg 1 0 0 64 64
p/000945.jpg 1 0 0 64 64
p/000944.jpg 1 0 0 64 64
p/000943.jpg 1 0 0 64 64
p/000942.jpg 1 0 0 64 64
p/000941.jpg 1 0 0 64 64
p/000940.jpg 1 0 0 64 64
p/000939.jpg 1 0 0 64 64
p/000937.jpg 1 0 0 64 64
p/000935.jpg 1 0 0 64 64
p/000934.jpg 1 0 0 64 64
p/000932.jpg 1 0 0 64 64
p/000931.jpg 1 0 0 64 64
p/000930.jpg 1 0 0 64 64
p/000929.jpg 1 0 0 64 64
p/000927.jpg 1 0 0 64 64
p/000926.jpg 1 0 0 64 64
p/000925.jpg 1 0 0 64 64
p/000924.jpg 1 0 0 64 64
p/000923.jpg 1 0 0 64 64
p/000922.jpg 1 0 0 64 64
p/000921.jpg 1 0 0 64 64
p/000920.jpg 1 0 0 64 64
p/000919.jpg 1 0 0 64 64
p/000918.jpg 1 0 0 64 64
p/000917.jpg 1 0 0 64 64
p/000916.jpg 1 0 0 64 64
p/000914.jpg 1 0 0 64 64
p/000913.jpg 1 0 0 64 64
p/000912.jpg 1 0 0 64 64
p/000911.jpg 1 0 0 64 64
p/000910.jpg 1 0 0 64 64
p/000909.jpg 1 0 0 64 64
p/000908.jpg 1 0 0 64 64
p/000907.jpg 1 0 0 64 64
p/000905.jpg 1 0 0 64 64
p/000904.jpg 1 0 0 64 64
p/000903.jpg 1 0 0 64 64
p/000902.jpg 1 0 0 64 64
p/000900.jpg 1 0 0 64 64
p/000899.jpg 1 0 0 64 64
p/000898.jpg 1 0 0 64 64
p/000897.jpg 1 0 0 64 64
p/000896.jpg 1 0 0 64 64
p/000895.jpg 1 0 0 64 64
p/000894.jpg 1 0 0 64 64
p/000893.jpg 1 0 0 64 64
p/000892.jpg 1 0 0 64 64
p/000891.jpg 1 0 0 64 64
p/000890.jpg 1 0 0 64 64
p/000887.jpg 1 0 0 64 64
p/000886.jpg 1 0 0 64 64
p/000885.jpg 1 0 0 64 64
p/000884.jpg 1 0 0 64 64
p/000883.jpg 1 0 0 64 64
p/000882.jpg 1 0 0 64 64
p/000880.jpg 1 0 0 64 64
p/000879.jpg 1 0 0 64 64
p/000877.jpg 1 0 0 64 64
p/000876.jpg 1 0 0 64 64
p/000875.jpg 1 0 0 64 64
p/000874.jpg 1 0 0 64 64
p/000872.jpg 1 0 0 64 64
p/000871.jpg 1 0 0 64 64
p/000870.jpg 1 0 0 64 64
p/000869.jpg 1 0 0 64 64
p/000868.jpg 1 0 0 64 64
p/000867.jpg 1 0 0 64 64
p/000866.jpg 1 0 0 64 64
p/000865.jpg 1 0 0 64 64
p/000864.jpg 1 0 0 64 64
p/000863.jpg 1 0 0 64 64
p/000861.jpg 1 0 0 64 64
p/000860.jpg 1 0 0 64 64
p/000859.jpg 1 0 0 64 64
p/000858.jpg 1 0 0 64 64
p/000857.jpg 1 0 0 64 64
p/000854.jpg 1 0 0 64 64
p/000851.jpg 1 0 0 64 64
p/000849.jpg 1 0 0 64 64
p/000848.jpg 1 0 0 64 64
p/000847.jpg 1 0 0 64 64
p/000846.jpg 1 0 0 64 64
p/000844.jpg 1 0 0 64 64
p/000843.jpg 1 0 0 64 64
p/000842.jpg 1 0 0 64 64
p/000840.jpg 1 0 0 64 64
p/000839.jpg 1 0 0 64 64
p/000838.jpg 1 0 0 64 64
p/000836.jpg 1 0 0 64 64
p/000835.jpg 1 0 0 64 64
p/000834.jpg 1 0 0 64 64
p/000832.jpg 1 0 0 64 64
p/000831.jpg 1 0 0 64 64
p/000829.jpg 1 0 0 64 64
p/000828.jpg 1 0 0 64 64
p/000827.jpg 1 0 0 64 64
p/000826.jpg 1 0 0 64 64
p/000825.jpg 1 0 0 64 64
p/000824.jpg 1 0 0 64 64
p/000823.jpg 1 0 0 64 64
p/000822.jpg 1 0 0 64 64
p/000821.jpg 1 0 0 64 64
p/000819.jpg 1 0 0 64 64
p/000817.jpg 1 0 0 64 64
p/000816.jpg 1 0 0 64 64
p/000814.jpg 1 0 0 64 64
p/000813.jpg 1 0 0 64 64
p/000811.jpg 1 0 0 64 64
p/000810.jpg 1 0 0 64 64
p/000809.jpg 1 0 0 64 64
p/000806.jpg 1 0 0 64 64
p/000805.jpg 1 0 0 64 64
p/000804.jpg 1 0 0 64 64
p/000803.jpg 1 0 0 64 64
p/000801.jpg 1 0 0 64 64
p/000799.jpg 1 0 0 64 64
p/000798.jpg 1 0 0 64 64
p/000797.jpg 1 0 0 64 64
p/000796.jpg 1 0 0 64 64
p/000795.jpg 1 0 0 64 64
p/000794.jpg 1 0 0 64 64
p/000793.jpg 1 0 0 64 64
p/000792.jpg 1 0 0 64 64
p/000791.jpg 1 0 0 64 64
p/000790.jpg 1 0 0 64 64
p/000789.jpg 1 0 0 64 64
p/000788.jpg 1 0 0 64 64
p/000787.jpg 1 0 0 64 64
p/000786.jpg 1 0 0 64 64
p/000785.jpg 1 0 0 64 64
p/000784.jpg 1 0 0 64 64
p/000783.jpg 1 0 0 64 64
p/000781.jpg 1 0 0 64 64
p/000780.jpg 1 0 0 64 64
p/000776.jpg 1 0 0 64 64
p/000775.jpg 1 0 0 64 64
p/000774.jpg 1 0 0 64 64
p/000773.jpg 1 0 0 64 64
p/000771.jpg 1 0 0 64 64
p/000769.jpg 1 0 0 64 64
p/000768.jpg 1 0 0 64 64
p/000767.jpg 1 0 0 64 64
p/000766.jpg 1 0 0 64 64
p/000765.jpg 1 0 0 64 64
p/000764.jpg 1 0 0 64 64
p/000763.jpg 1 0 0 64 64
p/000762.jpg 1 0 0 64 64
p/000761.jpg 1 0 0 64 64
p/000760.jpg 1 0 0 64 64
p/000759.jpg 1 0 0 64 64
p/000758.jpg 1 0 0 64 64
p/000756.jpg 1 0 0 64 64
p/000755.jpg 1 0 0 64 64
p/000754.jpg 1 0 0 64 64
p/000753.jpg 1 0 0 64 64
p/000751.jpg 1 0 0 64 64
p/000748.jpg 1 0 0 64 64
p/000747.jpg 1 0 0 64 64
p/000745.jpg 1 0 0 64 64
p/000743.jpg 1 0 0 64 64
p/000742.jpg 1 0 0 64 64
p/000741.jpg 1 0 0 64 64
p/000740.jpg 1 0 0 64 64
p/000739.jpg 1 0 0 64 64
p/000738.jpg 1 0 0 64 64
p/000737.jpg 1 0 0 64 64
p/000736.jpg 1 0 0 64 64
p/000735.jpg 1 0 0 64 64
p/000734.jpg 1 0 0 64 64
p/000733.jpg 1 0 0 64 64
p/000732.jpg 1 0 0 64 64
p/000730.jpg 1 0 0 64 64
p/000729.jpg 1 0 0 64 64
p/000728.jpg 1 0 0 64 64
p/000727.jpg 1 0 0 64 64
p/000724.jpg 1 0 0 64 64
p/000723.jpg 1 0 0 64 64
p/000722.jpg 1 0 0 64 64
p/000721.jpg 1 0 0 64 64
p/000720.jpg 1 0 0 64 64
p/000719.jpg 1 0 0 64 64
p/000718.jpg 1 0 0 64 64
p/000717.jpg 1 0 0 64 64
p/000716.jpg 1 0 0 64 64
p/000715.jpg 1 0 0 64 64
p/000714.jpg 1 0 0 64 64
p/000713.jpg 1 0 0 64 64
p/000712.jpg 1 0 0 64 64
p/000711.jpg 1 0 0 64 64
p/000710.jpg 1 0 0 64 64
p/000709.jpg 1 0 0 64 64
p/000707.jpg 1 0 0 64 64
p/000706.jpg 1 0 0 64 64
p/000705.jpg 1 0 0 64 64
p/000704.jpg 1 0 0 64 64
p/000703.jpg 1 0 0 64 64
p/000702.jpg 1 0 0 64 64
p/000701.jpg 1 0 0 64 64
p/000700.jpg 1 0 0 64 64
p/000699.jpg 1 0 0 64 64
p/000698.jpg 1 0 0 64 64
p/000697.jpg 1 0 0 64 64
p/000696.jpg 1 0 0 64 64
p/000695.jpg 1 0 0 64 64
p/000694.jpg 1 0 0 64 64
p/000690.jpg 1 0 0 64 64
p/000689.jpg 1 0 0 64 64
p/000688.jpg 1 0 0 64 64
p/000686.jpg 1 0 0 64 64
p/000685.jpg 1 0 0 64 64
p/000684.jpg 1 0 0 64 64
p/000682.jpg 1 0 0 64 64
p/000681.jpg 1 0 0 64 64
p/000679.jpg 1 0 0 64 64
p/000678.jpg 1 0 0 64 64
p/000677.jpg 1 0 0 64 64
p/000674.jpg 1 0 0 64 64
p/000673.jpg 1 0 0 64 64
p/000672.jpg 1 0 0 64 64
p/000671.jpg 1 0 0 64 64
p/000670.jpg 1 0 0 64 64
p/000669.jpg 1 0 0 64 64
p/000668.jpg 1 0 0 64 64
p/000667.jpg 1 0 0 64 64
p/000666.jpg 1 0 0 64 64
p/000665.jpg 1 0 0 64 64
p/000664.jpg 1 0 0 64 64
p/000663.jpg 1 0 0 64 64
p/000662.jpg 1 0 0 64 64
p/000661.jpg 1 0 0 64 64
p/000660.jpg 1 0 0 64 64
p/000659.jpg 1 0 0 64 64
p/000658.jpg 1 0 0 64 64
p/000656.jpg 1 0 0 64 64
p/000655.jpg 1 0 0 64 64
p/000654.jpg 1 0 0 64 64
p/000653.jpg 1 0 0 64 64
p/000652.jpg 1 0 0 64 64
p/000651.jpg 1 0 0 64 64
p/000650.jpg 1 0 0 64 64
p/000648.jpg 1 0 0 64 64
p/000647.jpg 1 0 0 64 64
p/000645.jpg 1 0 0 64 64
p/000643.jpg 1 0 0 64 64
p/000642.jpg 1 0 0 64 64
p/000641.jpg 1 0 0 64 64
p/000640.jpg 1 0 0 64 64
p/000638.jpg 1 0 0 64 64
p/000637.jpg 1 0 0 64 64
p/000636.jpg 1 0 0 64 64
p/000634.jpg 1 0 0 64 64
p/000633.jpg 1 0 0 64 64
p/000632.jpg 1 0 0 64 64
p/000631.jpg 1 0 0 64 64
p/000630.jpg 1 0 0 64 64
p/000629.jpg 1 0 0 64 64
p/000626.jpg 1 0 0 64 64
p/000625.jpg 1 0 0 64 64
p/000622.jpg 1 0 0 64 64
p/000621.jpg 1 0 0 64 64
p/000619.jpg 1 0 0 64 64
p/000618.jpg 1 0 0 64 64
p/000617.jpg 1 0 0 64 64
p/000616.jpg 1 0 0 64 64
p/000613.jpg 1 0 0 64 64
p/000612.jpg 1 0 0 64 64
p/000610.jpg 1 0 0 64 64
p/000609.jpg 1 0 0 64 64
p/000606.jpg 1 0 0 64 64
p/000605.jpg 1 0 0 64 64
p/000604.jpg 1 0 0 64 64
p/000601.jpg 1 0 0 64 64
p/000600.jpg 1 0 0 64 64
p/000599.jpg 1 0 0 64 64
p/000595.jpg 1 0 0 64 64
p/000594.jpg 1 0 0 64 64
p/000592.jpg 1 0 0 64 64
p/000591.jpg 1 0 0 64 64
p/000590.jpg 1 0 0 64 64
p/000589.jpg 1 0 0 64 64
p/000588.jpg 1 0 0 64 64
p/000587.jpg 1 0 0 64 64
p/000586.jpg 1 0 0 64 64
p/000585.jpg 1 0 0 64 64
p/000583.jpg 1 0 0 64 64
p/000582.jpg 1 0 0 64 64
p/000581.jpg 1 0 0 64 64
p/000579.jpg 1 0 0 64 64
p/000578.jpg 1 0 0 64 64
p/000576.jpg 1 0 0 64 64
p/000572.jpg 1 0 0 64 64
p/000571.jpg 1 0 0 64 64
p/000570.jpg 1 0 0 64 64
p/000569.jpg 1 0 0 64 64
p/000568.jpg 1 0 0 64 64
p/000567.jpg 1 0 0 64 64
p/000566.jpg 1 0 0 64 64
p/000565.jpg 1 0 0 64 64
p/000563.jpg 1 0 0 64 64
p/000561.jpg 1 0 0 64 64
p/000560.jpg 1 0 0 64 64
p/000559.jpg 1 0 0 64 64
p/000558.jpg 1 0 0 64 64
p/000556.jpg 1 0 0 64 64
p/000555.jpg 1 0 0 64 64
p/000554.jpg 1 0 0 64 64
p/000553.jpg 1 0 0 64 64
p/000552.jpg 1 0 0 64 64
p/000551.jpg 1 0 0 64 64
p/000550.jpg 1 0 0 64 64
p/000548.jpg 1 0 0 64 64
p/000546.jpg 1 0 0 64 64
p/000545.jpg 1 0 0 64 64
p/000544.jpg 1 0 0 64 64
p/000543.jpg 1 0 0 64 64
p/000542.jpg 1 0 0 64 64
p/000541.jpg 1 0 0 64 64
p/000540.jpg 1 0 0 64 64
p/000539.jpg 1 0 0 64 64
p/000538.jpg 1 0 0 64 64
p/000537.jpg 1 0 0 64 64
p/000535.jpg 1 0 0 64 64
p/000534.jpg 1 0 0 64 64
p/000533.jpg 1 0 0 64 64
p/000532.jpg 1 0 0 64 64
p/000531.jpg 1 0 0 64 64
p/000530.jpg 1 0 0 64 64
p/000528.jpg 1 0 0 64 64
p/000527.jpg 1 0 0 64 64
p/000524.jpg 1 0 0 64 64
p/000523.jpg 1 0 0 64 64
p/000519.jpg 1 0 0 64 64
p/000518.jpg 1 0 0 64 64
p/000517.jpg 1 0 0 64 64
p/000516.jpg 1 0 0 64 64
p/000515.jpg 1 0 0 64 64
p/000514.jpg 1 0 0 64 64
p/000512.jpg 1 0 0 64 64
p/000511.jpg 1 0 0 64 64
p/000510.jpg 1 0 0 64 64
p/000508.jpg 1 0 0 64 64
p/000506.jpg 1 0 0 64 64
p/000505.jpg 1 0 0 64 64
p/000504.jpg 1 0 0 64 64
p/000503.jpg 1 0 0 64 64
p/000502.jpg 1 0 0 64 64
p/000501.jpg 1 0 0 64 64
p/000500.jpg 1 0 0 64 64
p/000499.jpg 1 0 0 64 64
p/000497.jpg 1 0 0 64 64
p/000496.jpg 1 0 0 64 64
p/000495.jpg 1 0 0 64 64
p/000494.jpg 1 0 0 64 64
p/000493.jpg 1 0 0 64 64
p/000492.jpg 1 0 0 64 64
p/000491.jpg 1 0 0 64 64
p/000490.jpg 1 0 0 64 64
p/000489.jpg 1 0 0 64 64
p/000488.jpg 1 0 0 64 64
p/000487.jpg 1 0 0 64 64
p/000486.jpg 1 0 0 64 64
p/000485.jpg 1 0 0 64 64
p/000484.jpg 1 0 0 64 64
p/000483.jpg 1 0 0 64 64
p/000481.jpg 1 0 0 64 64
p/000480.jpg 1 0 0 64 64
p/000479.jpg 1 0 0 64 64
p/000478.jpg 1 0 0 64 64
p/000477.jpg 1 0 0 64 64
p/000476.jpg 1 0 0 64 64
p/000475.jpg 1 0 0 64 64
p/000473.jpg 1 0 0 64 64
p/000472.jpg 1 0 0 64 64
p/000471.jpg 1 0 0 64 64
p/000470.jpg 1 0 0 64 64
p/000467.jpg 1 0 0 64 64
p/000466.jpg 1 0 0 64 64
p/000464.jpg 1 0 0 64 64
p/000463.jpg 1 0 0 64 64
p/000462.jpg 1 0 0 64 64
p/000461.jpg 1 0 0 64 64
p/000458.jpg 1 0 0 64 64
p/000456.jpg 1 0 0 64 64
p/000455.jpg 1 0 0 64 64
p/000454.jpg 1 0 0 64 64
p/000451.jpg 1 0 0 64 64
p/000450.jpg 1 0 0 64 64
p/000449.jpg 1 0 0 64 64
p/000446.jpg 1 0 0 64 64
p/000445.jpg 1 0 0 64 64
p/000443.jpg 1 0 0 64 64
p/000442.jpg 1 0 0 64 64
p/000441.jpg 1 0 0 64 64
p/000438.jpg 1 0 0 64 64
p/000436.jpg 1 0 0 64 64
p/000435.jpg 1 0 0 64 64
p/000434.jpg 1 0 0 64 64
p/000433.jpg 1 0 0 64 64
p/000432.jpg 1 0 0 64 64
p/000431.jpg 1 0 0 64 64
p/000430.jpg 1 0 0 64 64
p/000428.jpg 1 0 0 64 64
p/000427.jpg 1 0 0 64 64
p/000425.jpg 1 0 0 64 64
p/000424.jpg 1 0 0 64 64
p/000423.jpg 1 0 0 64 64
p/000422.jpg 1 0 0 64 64
p/000420.jpg 1 0 0 64 64
p/000418.jpg 1 0 0 64 64
p/000415.jpg 1 0 0 64 64
p/000414.jpg 1 0 0 64 64
p/000413.jpg 1 0 0 64 64
p/000412.jpg 1 0 0 64 64
p/000411.jpg 1 0 0 64 64
p/000408.jpg 1 0 0 64 64
p/000407.jpg 1 0 0 64 64
p/000406.jpg 1 0 0 64 64
p/000405.jpg 1 0 0 64 64
p/000404.jpg 1 0 0 64 64
p/000403.jpg 1 0 0 64 64
p/000402.jpg 1 0 0 64 64
p/000401.jpg 1 0 0 64 64
p/000400.jpg 1 0 0 64 64
p/000399.jpg 1 0 0 64 64
p/000398.jpg 1 0 0 64 64
p/000397.jpg 1 0 0 64 64
p/000396.jpg 1 0 0 64 64
p/000394.jpg 1 0 0 64 64
p/000392.jpg 1 0 0 64 64
p/000391.jpg 1 0 0 64 64
p/000390.jpg 1 0 0 64 64
p/000389.jpg 1 0 0 64 64
p/000388.jpg 1 0 0 64 64
p/000387.jpg 1 0 0 64 64
p/000384.jpg 1 0 0 64 64
p/000383.jpg 1 0 0 64 64
p/000382.jpg 1 0 0 64 64
p/000381.jpg 1 0 0 64 64
p/000380.jpg 1 0 0 64 64
p/000377.jpg 1 0 0 64 64
p/000372.jpg 1 0 0 64 64
p/000371.jpg 1 0 0 64 64
p/000370.jpg 1 0 0 64 64
p/000369.jpg 1 0 0 64 64
p/000368.jpg 1 0 0 64 64
p/000367.jpg 1 0 0 64 64
p/000364.jpg 1 0 0 64 64
p/000363.jpg 1 0 0 64 64
p/000362.jpg 1 0 0 64 64
p/000360.jpg 1 0 0 64 64
p/000359.jpg 1 0 0 64 64
p/000358.jpg 1 0 0 64 64
p/000357.jpg 1 0 0 64 64
p/000356.jpg 1 0 0 64 64
p/000355.jpg 1 0 0 64 64
p/000354.jpg 1 0 0 64 64
p/000353.jpg 1 0 0 64 64
p/000352.jpg 1 0 0 64 64
p/000351.jpg 1 0 0 64 64
p/000350.jpg 1 0 0 64 64
p/000349.jpg 1 0 0 64 64
p/000348.jpg 1 0 0 64 64
p/000346.jpg 1 0 0 64 64
p/000345.jpg 1 0 0 64 64
p/000344.jpg 1 0 0 64 64
p/000342.jpg 1 0 0 64 64
p/000341.jpg 1 0 0 64 64
p/000340.jpg 1 0 0 64 64
p/000339.jpg 1 0 0 64 64
p/000338.jpg 1 0 0 64 64
p/000337.jpg 1 0 0 64 64
p/000336.jpg 1 0 0 64 64
p/000334.jpg 1 0 0 64 64
p/000332.jpg 1 0 0 64 64
p/000329.jpg 1 0 0 64 64
p/000328.jpg 1 0 0 64 64
p/000327.jpg 1 0 0 64 64
p/000325.jpg 1 0 0 64 64
p/000324.jpg 1 0 0 64 64
p/000323.jpg 1 0 0 64 64
p/000322.jpg 1 0 0 64 64
p/000321.jpg 1 0 0 64 64
p/000320.jpg 1 0 0 64 64
p/000318.jpg 1 0 0 64 64
p/000317.jpg 1 0 0 64 64
p/000315.jpg 1 0 0 64 64
p/000313.jpg 1 0 0 64 64
p/000312.jpg 1 0 0 64 64
p/000311.jpg 1 0 0 64 64
p/000307.jpg 1 0 0 64 64
p/000306.jpg 1 0 0 64 64
p/000305.jpg 1 0 0 64 64
p/000304.jpg 1 0 0 64 64
p/000303.jpg 1 0 0 64 64
p/000302.jpg 1 0 0 64 64
p/000301.jpg 1 0 0 64 64
p/000299.jpg 1 0 0 64 64
p/000298.jpg 1 0 0 64 64
p/000297.jpg 1 0 0 64 64
p/000296.jpg 1 0 0 64 64
p/000292.jpg 1 0 0 64 64
p/000291.jpg 1 0 0 64 64
p/000290.jpg 1 0 0 64 64
p/000289.jpg 1 0 0 64 64
p/000288.jpg 1 0 0 64 64
p/000286.jpg 1 0 0 64 64
p/000285.jpg 1 0 0 64 64
p/000282.jpg 1 0 0 64 64
p/000280.jpg 1 0 0 64 64
p/000279.jpg 1 0 0 64 64
p/000278.jpg 1 0 0 64 64
p/000277.jpg 1 0 0 64 64
p/000276.jpg 1 0 0 64 64
p/000275.jpg 1 0 0 64 64
p/000274.jpg 1 0 0 64 64
p/000273.jpg 1 0 0 64 64
p/000272.jpg 1 0 0 64 64
p/000270.jpg 1 0 0 64 64
p/000269.jpg 1 0 0 64 64
p/000267.jpg 1 0 0 64 64
p/000264.jpg 1 0 0 64 64
p/000263.jpg 1 0 0 64 64
p/000262.jpg 1 0 0 64 64
p/000261.jpg 1 0 0 64 64
p/000258.jpg 1 0 0 64 64
p/000257.jpg 1 0 0 64 64
p/000255.jpg 1 0 0 64 64
p/000254.jpg 1 0 0 64 64
p/000252.jpg 1 0 0 64 64
p/000251.jpg 1 0 0 64 64
p/000249.jpg 1 0 0 64 64
p/000248.jpg 1 0 0 64 64
p/000247.jpg 1 0 0 64 64
p/000245.jpg 1 0 0 64 64
p/000244.jpg 1 0 0 64 64
p/000241.jpg 1 0 0 64 64
p/000239.jpg 1 0 0 64 64
p/000238.jpg 1 0 0 64 64
p/000237.jpg 1 0 0 64 64
p/000235.jpg 1 0 0 64 64
p/000234.jpg 1 0 0 64 64
p/000233.jpg 1 0 0 64 64
p/000232.jpg 1 0 0 64 64
p/000231.jpg 1 0 0 64 64
p/000230.jpg 1 0 0 64 64
p/000229.jpg 1 0 0 64 64
p/000228.jpg 1 0 0 64 64
p/000226.jpg 1 0 0 64 64
p/000225.jpg 1 0 0 64 64
p/000223.jpg 1 0 0 64 64
p/000222.jpg 1 0 0 64 64
p/000221.jpg 1 0 0 64 64
p/000219.jpg 1 0 0 64 64
p/000218.jpg 1 0 0 64 64
p/000216.jpg 1 0 0 64 64
p/000215.jpg 1 0 0 64 64
p/000214.jpg 1 0 0 64 64
p/000213.jpg 1 0 0 64 64
p/000212.jpg 1 0 0 64 64
p/000209.jpg 1 0 0 64 64
p/000207.jpg 1 0 0 64 64
p/000206.jpg 1 0 0 64 64
p/000205.jpg 1 0 0 64 64
p/000204.jpg 1 0 0 64 64
p/000203.jpg 1 0 0 64 64
p/000201.jpg 1 0 0 64 64
p/000200.jpg 1 0 0 64 64
p/000198.jpg 1 0 0 64 64
p/000197.jpg 1 0 0 64 64
p/000194.jpg 1 0 0 64 64
p/000192.jpg 1 0 0 64 64
p/000191.jpg 1 0 0 64 64
p/000190.jpg 1 0 0 64 64
p/000189.jpg 1 0 0 64 64
p/000188.jpg 1 0 0 64 64
p/000187.jpg 1 0 0 64 64
p/000186.jpg 1 0 0 64 64
p/000183.jpg 1 0 0 64 64
p/000181.jpg 1 0 0 64 64
p/000180.jpg 1 0 0 64 64
p/000179.jpg 1 0 0 64 64
p/000178.jpg 1 0 0 64 64
p/000176.jpg 1 0 0 64 64
p/000175.jpg 1 0 0 64 64
p/000174.jpg 1 0 0 64 64
p/000173.jpg 1 0 0 64 64
p/000172.jpg 1 0 0 64 64
p/000171.jpg 1 0 0 64 64
p/000168.jpg 1 0 0 64 64
p/000165.jpg 1 0 0 64 64
p/000164.jpg 1 0 0 64 64
p/000163.jpg 1 0 0 64 64
p/000162.jpg 1 0 0 64 64
p/000161.jpg 1 0 0 64 64
p/000160.jpg 1 0 0 64 64
p/000158.jpg 1 0 0 64 64
p/000157.jpg 1 0 0 64 64
p/000156.jpg 1 0 0 64 64
p/000155.jpg 1 0 0 64 64
p/000153.jpg 1 0 0 64 64
p/000151.jpg 1 0 0 64 64
p/000148.jpg 1 0 0 64 64
p/000147.jpg 1 0 0 64 64
p/000145.jpg 1 0 0 64 64
p/000143.jpg 1 0 0 64 64
p/000142.jpg 1 0 0 64 64
p/000141.jpg 1 0 0 64 64
p/000139.jpg 1 0 0 64 64
p/000138.jpg 1 0 0 64 64
p/000136.jpg 1 0 0 64 64
p/000135.jpg 1 0 0 64 64
p/000133.jpg 1 0 0 64 64
p/000132.jpg 1 0 0 64 64
p/000130.jpg 1 0 0 64 64
p/000129.jpg 1 0 0 64 64
p/000128.jpg 1 0 0 64 64
p/000127.jpg 1 0 0 64 64
p/000126.jpg 1 0 0 64 64
p/000125.jpg 1 0 0 64 64
p/000123.jpg 1 0 0 64 64
p/000122.jpg 1 0 0 64 64
p/000121.jpg 1 0 0 64 64
p/000119.jpg 1 0 0 64 64
p/000118.jpg 1 0 0 64 64
p/000117.jpg 1 0 0 64 64
p/000116.jpg 1 0 0 64 64
p/000115.jpg 1 0 0 64 64
p/000114.jpg 1 0 0 64 64
p/000112.jpg 1 0 0 64 64
p/000109.jpg 1 0 0 64 64
p/000108.jpg 1 0 0 64 64
p/000107.jpg 1 0 0 64 64
p/000106.jpg 1 0 0 64 64
p/000105.jpg 1 0 0 64 64
p/000104.jpg 1 0 0 64 64
p/000103.jpg 1 0 0 64 64
p/000101.jpg 1 0 0 64 64
p/000100.jpg 1 0 0 64 64
p/000099.jpg 1 0 0 64 64
p/000098.jpg 1 0 0 64 64
p/000097.jpg 1 0 0 64 64
p/000096.jpg 1 0 0 64 64
p/000094.jpg 1 0 0 64 64
p/000092.jpg 1 0 0 64 64
p/000091.jpg 1 0 0 64 64
p/000087.jpg 1 0 0 64 64
p/000085.jpg 1 0 0 64 64
p/000084.jpg 1 0 0 64 64
p/000083.jpg 1 0 0 64 64
p/000082.jpg 1 0 0 64 64
p/000081.jpg 1 0 0 64 64
p/000080.jpg 1 0 0 64 64
p/000079.jpg 1 0 0 64 64
p/000078.jpg 1 0 0 64 64
p/000077.jpg 1 0 0 64 64
p/000076.jpg 1 0 0 64 64
p/000075.jpg 1 0 0 64 64
p/000073.jpg 1 0 0 64 64
p/000072.jpg 1 0 0 64 64
p/000071.jpg 1 0 0 64 64
p/000069.jpg 1 0 0 64 64
p/000068.jpg 1 0 0 64 64
p/000066.jpg 1 0 0 64 64
p/000065.jpg 1 0 0 64 64
p/000064.jpg 1 0 0 64 64
p/000063.jpg 1 0 0 64 64
p/000059.jpg 1 0 0 64 64
p/000058.jpg 1 0 0 64 64
p/000057.jpg 1 0 0 64 64
p/000055.jpg 1 0 0 64 64
p/000054.jpg 1 0 0 64 64
p/000053.jpg 1 0 0 64 64
p/000051.jpg 1 0 0 64 64
p/000050.jpg 1 0 0 64 64
p/000049.jpg 1 0 0 64 64
p/000048.jpg 1 0 0 64 64
p/000047.jpg 1 0 0 64 64
p/000046.jpg 1 0 0 64 64
p/000045.jpg 1 0 0 64 64
p/000044.jpg 1 0 0 64 64
p/000043.jpg 1 0 0 64 64
p/000042.jpg 1 0 0 64 64
p/000040.jpg 1 0 0 64 64
p/000039.jpg 1 0 0 64 64
p/000038.jpg 1 0 0 64 64
p/000035.jpg 1 0 0 64 64
p/000033.jpg 1 0 0 64 64
p/000032.jpg 1 0 0 64 64
p/000031.jpg 1 0 0 64 64
p/000030.jpg 1 0 0 64 64
p/000029.jpg 1 0 0 64 64
p/000028.jpg 1 0 0 64 64
p/000027.jpg 1 0 0 64 64
p/000026.jpg 1 0 0 64 64
p/000025.jpg 1 0 0 64 64
p/000024.jpg 1 0 0 64 64
p/000023.jpg 1 0 0 64 64
p/000022.jpg 1 0 0 64 64
p/000021.jpg 1 0 0 64 64
p/000020.jpg 1 0 0 64 64
p/000018.jpg 1 0 0 64 64
p/000017.jpg 1 0 0 64 64
p/000016.jpg 1 0 0 64 64
p/000015.jpg 1 0 0 64 64
p/000014.jpg 1 0 0 64 64
p/000013.jpg 1 0 0 64 64
p/000012.jpg 1 0 0 64 64
p/000011.jpg 1 0 0 64 64
p/000010.jpg 1 0 0 64 64
p/000009.jpg 1 0 0 64 64
p/000008.jpg 1 0 0 64 64
p/000007.jpg 1 0 0 64 64
p/000006.jpg 1 0 0 64 64
p/000005.jpg 1 0 0 64 64
p/000002.jpg 1 0 0 64 64
p/000001.jpg 1 0 0 64 64