p/1605063955061.jpg 1 0 0 69 104
p/1605063943405.jpg 1 0 0 40 94
p/1605063921611.jpg 1 0 0 43 97
p/1605063910141.jpg 1 0 0 58 94
p/1605063886642.jpg 1 0 0 40 75
p/1605063873019.jpg 1 0 0 43 79
p/1605063795598.jpg 1 0 0 48 89
p/1605063753691.jpg 1 0 0 46 88
p/1605063744659.jpg 1 0 0 53 105
p/1605063722428.jpg 1 0 0 40 84
p/1605063159026.jpg 1 0 0 44 75
p/1605063152121.jpg 1 0 0 58 111
p/1605063074843.jpg 1 0 0 41 104
p/1605063067933.jpg 1 0 0 41 84
p/1605063058875.jpg 1 0 0 53 104
p/1605063048259.jpg 1 0 0 33 64
p/1605063041065.jpg 1 0 0 38 92
p/1605063030964.jpg 1 0 0 30 91
p/1605063021251.jpg 1 0 0 25 91
p/1605063012707.jpg 1 0 0 61 93
p/1605063003674.jpg 1 0 0 38 95
p/1605062991324.jpg 1 0 0 36 99
p/1605062856156.jpg 1 0 0 46 99
p/1605062838504.jpg 1 0 0 52 84
p/1605062827075.jpg 1 0 0 51 106
p/1605062811370.jpg 1 0 0 40 91
p/1605062790248.jpg 1 0 0 67 99
p/1605062777916.jpg 1 0 0 42 102
p/1605062758521.jpg 1 0 0 56 89
p/1605062749155.jpg 1 0 0 51 95
p/1605062707139.jpg 1 0 0 50 93
p/1605062689234.jpg 1 0 0 43 103
p/1605062625312.jpg 1 0 0 48 77
p/1605062583104.jpg 1 0 0 43 94
p/1605062570035.jpg 1 0 0 55 102
p/1605062549299.jpg 1 0 0 51 69
p/1605062521737.jpg 1 0 0 83 121
p/1605062493263.jpg 1 0 0 44 95
p/1605062485475.jpg 1 0 0 62 114
p/1605062432690.jpg 1 0 0 48 107
p/1605062424707.jpg 1 0 0 55 102
p/1605062389061.jpg 1 0 0 52 104
p/1605062345737.jpg 1 0 0 47 82
p/1605062327723.jpg 1 0 0 56 89
p/1605062288301.jpg 1 0 0 86 161
p/1605062277540.jpg 1 0 0 71 89
p/1605062270011.jpg 1 0 0 62 102
p/1605062240741.jpg 1 0 0 54 114
p/1605062193345.jpg 1 0 0 46 91
p/1605062186225.jpg 1 0 0 44 94
p/1605062123996.jpg 1 0 0 49 93
p/1605062116724.jpg 1 0 0 47 107
p/1605062103522.jpg 1 0 0 42 93
p/1605062090467.jpg 1 0 0 53 75
p/1605062083203.jpg 1 0 0 46 98
p/1605062073970.jpg 1 0 0 42 80
p/1605062045547.jpg 1 0 0 52 101
p/1605062030588.jpg 1 0 0 43 91
p/1605062018323.jpg 1 0 0 45 95
p/1605061998890.jpg 1 0 0 47 85
p/1605061944066.jpg 1 0 0 50 114
p/1605061932962.jpg 1 0 0 45 86
p/1605061899010.jpg 1 0 0 50 96
p/1605061881817.jpg 1 0 0 43 88
p/1605061859425.jpg 1 0 0 48 96
p/1605061827770.jpg 1 0 0 45 80
p/1605061820374.jpg 1 0 0 55 94
p/1605061803822.jpg 1 0 0 43 88
p/1605061791042.jpg 1 0 0 34 89
p/1605061783907.jpg 1 0 0 40 94
p/1605061772475.jpg 1 0 0 53 100
p/1605061762371.jpg 1 0 0 68 106
p/1605061755293.jpg 1 0 0 48 114
p/1605061735979.jpg 1 0 0 39 84
p/1605061730620.jpg 1 0 0 43 93
p/1605061719169.jpg 1 0 0 47 99
p/1605061707441.jpg 1 0 0 56 89
p/1605061695228.jpg 1 0 0 50 100
p/1605061683207.jpg 1 0 0 47 76
p/1605061669522.jpg 1 0 0 48 100
p/1605061661346.jpg 1 0 0 50 96
p/1605061650322.jpg 1 0 0 33 76
p/1605061629976.jpg 1 0 0 45 94
p/1605061618362.jpg 1 0 0 47 89
p/1605061609889.jpg 1 0 0 32 57
p/1605061601905.jpg 1 0 0 47 114
p/1605061595536.jpg 1 0 0 44 103
p/1605061585482.jpg 1 0 0 43 96
p/1605061574408.jpg 1 0 0 55 79
p/1605061557795.jpg 1 0 0 38 93
p/1605061545051.jpg 1 0 0 33 65
p/1605061539339.jpg 1 0 0 48 81
p/1605061532810.jpg 1 0 0 57 88
p/1605061525553.jpg 1 0 0 44 89
p/1605061511881.jpg 1 0 0 48 90
p/1605061504154.jpg 1 0 0 64 81
p/1605061487905.jpg 1 0 0 48 104
p/1605061478338.jpg 1 0 0 63 88
p/1605061455787.jpg 1 0 0 39 86
p/1605061448760.jpg 1 0 0 48 92
p/1605061443495.jpg 1 0 0 45 98
p/1605061425186.jpg 1 0 0 51 93
p/1605061402913.jpg 1 0 0 48 89
p/1605061386822.jpg 1 0 0 51 107
p/1605061343657.jpg 1 0 0 48 104
p/1605061336212.jpg 1 0 0 73 144
p/1605061320769.jpg 1 0 0 54 99
p/1605061308208.jpg 1 0 0 59 88
p/1605061291753.jpg 1 0 0 32 82
p/1605061257050.jpg 1 0 0 54 78
p/1605061252427.jpg 1 0 0 58 90
p/1605061241785.jpg 1 0 0 53 94
p/1605061234449.jpg 1 0 0 40 69
p/1605061219208.jpg 1 0 0 46 82
p/1605061209281.jpg 1 0 0 58 94
p/1605061182017.jpg 1 0 0 48 87
p/1605061167918.jpg 1 0 0 42 80
p/1605061160339.jpg 1 0 0 45 81
p/1605061154470.jpg 1 0 0 45 99
p/1605061145496.jpg 1 0 0 48 94
p/1605061136811.jpg 1 0 0 50 93
p/1605061109011.jpg 1 0 0 49 95
p/1605061087600.jpg 1 0 0 49 88
p/1605061062793.jpg 1 0 0 46 84